<?xml version="1.0" encoding="UTF-8"?>
<!-- Generated by org.testng.reporters.JUnitXMLReporter -->
<testsuite hostname="BLU-LP-00004" ignored="17" name="Default test" tests="1" failures="0" timestamp="2019-12-19T15:02:37 SGT" time="73.669" errors="0">
  <testcase name="tc10_signupInvalidMobile" time="36.79" classname="bluAndroid.bluAndroid.TestScripts.BluSignUpTestRunner"/>
  <testcase name="tc08_signupNonMatchingPassword" time="0.0" classname="bluAndroid.bluAndroid.TestScripts.BluSignUpTestRunner">
    <ignored/>
  </testcase> <!-- tc08_signupNonMatchingPassword -->
  <testcase name="tc09_signupInvalidFirstname" time="0.0" classname="bluAndroid.bluAndroid.TestScripts.BluSignUpTestRunner">
    <ignored/>
  </testcase> <!-- tc09_signupInvalidFirstname -->
  <testcase name="tc05_signupManDetails" time="0.0" classname="bluAndroid.bluAndroid.TestScripts.BluSignUpTestRunner">
    <ignored/>
  </testcase> <!-- tc05_signupManDetails -->
  <testcase name="tc11_signupInvalidRefferalCode" time="0.0" classname="bluAndroid.bluAndroid.TestScripts.BluSignUpTestRunner">
    <ignored/>
  </testcase> <!-- tc11_signupInvalidRefferalCode -->
  <testcase name="tc18_signupRegisteredMobile" time="0.0" classname="bluAndroid.bluAndroid.TestScripts.BluSignUpTestRunner">
    <ignored/>
  </testcase> <!-- tc18_signupRegisteredMobile -->
  <testcase name="tc06_signupInvalidEmail" time="0.0" classname="bluAndroid.bluAndroid.TestScripts.BluSignUpTestRunner">
    <ignored/>
  </testcase> <!-- tc06_signupInvalidEmail -->
  <testcase name="tc17_signupRegisteredEmail" time="0.0" classname="bluAndroid.bluAndroid.TestScripts.BluSignUpTestRunner">
    <ignored/>
  </testcase> <!-- tc17_signupRegisteredEmail -->
  <testcase name="tc04_signupWithoutDOBGenderAndRefferalCode" time="0.0" classname="bluAndroid.bluAndroid.TestScripts.BluSignUpTestRunner">
    <ignored/>
  </testcase> <!-- tc04_signupWithoutDOBGenderAndRefferalCode -->
  <testcase name="tc16_signupWithoutMobileNumber" time="0.0" classname="bluAndroid.bluAndroid.TestScripts.BluSignUpTestRunner">
    <ignored/>
  </testcase> <!-- tc16_signupWithoutMobileNumber -->
  <testcase name="tc07_signupInvalidPassword" time="0.0" classname="bluAndroid.bluAndroid.TestScripts.BluSignUpTestRunner">
    <ignored/>
  </testcase> <!-- tc07_signupInvalidPassword -->
  <testcase name="tc01_signup" time="0.0" classname="bluAndroid.bluAndroid.TestScripts.BluSignUpTestRunner">
    <ignored/>
  </testcase> <!-- tc01_signup -->
  <testcase name="tc12_signupWithoutEmail" time="0.0" classname="bluAndroid.bluAndroid.TestScripts.BluSignUpTestRunner">
    <ignored/>
  </testcase> <!-- tc12_signupWithoutEmail -->
  <testcase name="tc02_signupWithoutReferralCode" time="0.0" classname="bluAndroid.bluAndroid.TestScripts.BluSignUpTestRunner">
    <ignored/>
  </testcase> <!-- tc02_signupWithoutReferralCode -->
  <testcase name="tc14_signupWithoutConfirmingPass" time="0.0" classname="bluAndroid.bluAndroid.TestScripts.BluSignUpTestRunner">
    <ignored/>
  </testcase> <!-- tc14_signupWithoutConfirmingPass -->
  <testcase name="tc03_signupWithoutGenderAndRefferalCode" time="0.0" classname="bluAndroid.bluAndroid.TestScripts.BluSignUpTestRunner">
    <ignored/>
  </testcase> <!-- tc03_signupWithoutGenderAndRefferalCode -->
  <testcase name="tc15_signupWithoutFirstName" time="0.0" classname="bluAndroid.bluAndroid.TestScripts.BluSignUpTestRunner">
    <ignored/>
  </testcase> <!-- tc15_signupWithoutFirstName -->
  <testcase name="tc13_signupWithoutPassword" time="0.0" classname="bluAndroid.bluAndroid.TestScripts.BluSignUpTestRunner">
    <ignored/>
  </testcase> <!-- tc13_signupWithoutPassword -->
</testsuite> <!-- Default test -->
