<?xml version="1.0" encoding="UTF-8"?>
<testng-results skipped="0" failed="0" ignored="17" total="18" passed="1">
  <reporter-output>
  </reporter-output>
  <suite name="Default suite" duration-ms="73669" started-at="2019-12-19T15:01:23 SGT" finished-at="2019-12-19T15:02:37 SGT">
    <groups>
    </groups>
    <test name="Default test" duration-ms="73669" started-at="2019-12-19T15:01:23 SGT" finished-at="2019-12-19T15:02:37 SGT">
      <class name="bluAndroid.bluAndroid.TestScripts.BluSignUpTestRunner">
        <test-method status="PASS" signature="SetUp()[pri:0, instance:bluAndroid.bluAndroid.TestScripts.BluSignUpTestRunner@3ecd23d9]" name="SetUp" is-config="true" duration-ms="304" started-at="2019-12-19T15:01:23 SGT" finished-at="2019-12-19T15:01:23 SGT">
          <reporter-output>
          </reporter-output>
        </test-method> <!-- SetUp -->
        <test-method status="PASS" signature="preCondition()[pri:0, instance:bluAndroid.bluAndroid.TestScripts.BluSignUpTestRunner@3ecd23d9]" name="preCondition" is-config="true" duration-ms="33833" started-at="2019-12-19T15:01:23 SGT" finished-at="2019-12-19T15:01:57 SGT">
          <reporter-output>
          </reporter-output>
        </test-method> <!-- preCondition -->
        <test-method status="PASS" signature="tc10_signupInvalidMobile()[pri:0, instance:bluAndroid.bluAndroid.TestScripts.BluSignUpTestRunner@3ecd23d9]" name="tc10_signupInvalidMobile" duration-ms="36790" started-at="2019-12-19T15:01:57 SGT" finished-at="2019-12-19T15:02:34 SGT">
          <reporter-output>
          </reporter-output>
        </test-method> <!-- tc10_signupInvalidMobile -->
        <test-method status="PASS" signature="getResult(org.testng.ITestResult)[pri:0, instance:bluAndroid.bluAndroid.TestScripts.BluSignUpTestRunner@3ecd23d9]" name="getResult" is-config="true" duration-ms="2981" started-at="2019-12-19T15:02:34 SGT" finished-at="2019-12-19T15:02:37 SGT">
          <params>
            <param index="0">
              <value>
                <![CDATA[[TestResult name=tc10_signupInvalidMobile status=SUCCESS method=BluSignUpTestRunner.tc10_signupInvalidMobile()[pri:0, instance:bluAndroid.bluAndroid.TestScripts.BluSignUpTestRunner@3ecd23d9] output={null}]]]>
              </value>
            </param>
          </params>
          <reporter-output>
          </reporter-output>
        </test-method> <!-- getResult -->
        <test-method status="PASS" signature="tearDown()[pri:0, instance:bluAndroid.bluAndroid.TestScripts.BluSignUpTestRunner@3ecd23d9]" name="tearDown" is-config="true" duration-ms="824" started-at="2019-12-19T15:02:37 SGT" finished-at="2019-12-19T15:02:38 SGT">
          <reporter-output>
          </reporter-output>
        </test-method> <!-- tearDown -->
      </class> <!-- bluAndroid.bluAndroid.TestScripts.BluSignUpTestRunner -->
    </test> <!-- Default test -->
  </suite> <!-- Default suite -->
</testng-results>
